<?xml version="1.0" encoding="UTF-8"?>
<!-- Generated by org.testng.reporters.JUnitReportReporter -->
<testsuite hostname="Aarushi" failures="0" tests="2" name="testNG.script5" time="0.001" errors="0" timestamp="2023-04-26T12:07:28 IST" skipped="0">
  <testcase classname="testNG.script5" name="m1" time="0.001"/>
  <system-out>
    <![CDATA[hiiii]]>
  </system-out>
  <testcase classname="testNG.script5" name="m2" time="0.000"/>
  <system-out>
    <![CDATA[hiiii]]>
  </system-out>
</testsuite> <!-- testNG.script5 -->
