<?xml version="1.0" encoding="UTF-8"?>
<!-- Generated by org.testng.reporters.JUnitReportReporter -->
<testsuite hostname="Aarushi" failures="0" tests="1" name="testNG.sCRIPT1" time="0.010" errors="0" timestamp="2023-04-26T12:07:28 IST" skipped="0">
  <testcase classname="testNG.sCRIPT1" name="m1" time="0.010"/>
  <system-out>
    <![CDATA[hiii]]>
  </system-out>
</testsuite> <!-- testNG.sCRIPT1 -->
