<?xml version="1.0" encoding="UTF-8"?>
<!-- Generated by org.testng.reporters.JUnitReportReporter -->
<testsuite hostname="Aarushi" failures="0" tests="3" name="testNG.script2" time="0.004" errors="0" timestamp="2023-04-26T12:07:28 IST" skipped="0">
  <testcase classname="testNG.script2" name="m1" time="0.001"/>
  <system-out>
    <![CDATA[first priority]]>
  </system-out>
  <testcase classname="testNG.script2" name="a1" time="0.001"/>
  <system-out>
    <![CDATA[third priority]]>
  </system-out>
  <testcase classname="testNG.script2" name="m2" time="0.002"/>
  <system-out>
    <![CDATA[second priority]]>
  </system-out>
</testsuite> <!-- testNG.script2 -->
